2017-05-09 17:30:25.896+0000 WARN  [o.n.i.p.PageCache] The dbms.memory.pagecache.size setting has not been configured. It is recommended that this setting is always explicitly configured, to ensure the system has a balanced configuration. Until then, a computed heuristic value of 3300747264 bytes will be used instead. 
2017-05-09 17:30:25.986+0000 INFO  [o.n.k.i.f.CommunityEditionModule] No locking implementation specified, defaulting to 'community'
2017-05-09 17:30:26.007+0000 INFO  [o.n.k.AvailabilityGuard] Requirement makes database unavailable: Database available
2017-05-09 17:30:26.008+0000 INFO  [o.n.k.i.DiagnosticsManager] --- INITIALIZED diagnostics START ---
2017-05-09 17:30:26.008+0000 INFO  [o.n.k.i.DiagnosticsManager] Neo4j Kernel properties:
2017-05-09 17:30:26.008+0000 INFO  [o.n.k.i.DiagnosticsManager] dbms.connector.http.enabled=true
2017-05-09 17:30:26.008+0000 INFO  [o.n.k.i.DiagnosticsManager] dbms.security.auth_enabled=true
2017-05-09 17:30:26.008+0000 INFO  [o.n.k.i.DiagnosticsManager] dbms.logs.http.enabled=false
2017-05-09 17:30:26.008+0000 INFO  [o.n.k.i.DiagnosticsManager] unsupported.dbms.directories.neo4j_home=C:\Users\robert.farrell\Desktop\neo4j
2017-05-09 17:30:26.008+0000 INFO  [o.n.k.i.DiagnosticsManager] dbms.directories.import=import
2017-05-09 17:30:26.008+0000 INFO  [o.n.k.i.DiagnosticsManager] unsupported.dbms.edition=community
2017-05-09 17:30:26.008+0000 INFO  [o.n.k.i.DiagnosticsManager] dbms.connector.bolt.enabled=true
2017-05-09 17:30:26.008+0000 INFO  [o.n.k.i.DiagnosticsManager] dbms.connector.https.enabled=true
2017-05-09 17:30:26.008+0000 INFO  [o.n.k.i.DiagnosticsManager] unsupported.dbms.directories.database=C:\Users\robert.farrell\Desktop\neo4j
2017-05-09 17:30:26.008+0000 INFO  [o.n.k.i.DiagnosticsManager] Diagnostics providers:
2017-05-09 17:30:26.008+0000 INFO  [o.n.k.i.DiagnosticsManager] org.neo4j.kernel.configuration.Config
2017-05-09 17:30:26.008+0000 INFO  [o.n.k.i.DiagnosticsManager] org.neo4j.kernel.info.DiagnosticsManager
2017-05-09 17:30:26.008+0000 INFO  [o.n.k.i.DiagnosticsManager] SYSTEM_MEMORY
2017-05-09 17:30:26.008+0000 INFO  [o.n.k.i.DiagnosticsManager] JAVA_MEMORY
2017-05-09 17:30:26.008+0000 INFO  [o.n.k.i.DiagnosticsManager] OPERATING_SYSTEM
2017-05-09 17:30:26.008+0000 INFO  [o.n.k.i.DiagnosticsManager] JAVA_VIRTUAL_MACHINE
2017-05-09 17:30:26.008+0000 INFO  [o.n.k.i.DiagnosticsManager] CLASSPATH
2017-05-09 17:30:26.009+0000 INFO  [o.n.k.i.DiagnosticsManager] LIBRARY_PATH
2017-05-09 17:30:26.009+0000 INFO  [o.n.k.i.DiagnosticsManager] SYSTEM_PROPERTIES
2017-05-09 17:30:26.009+0000 INFO  [o.n.k.i.DiagnosticsManager] NETWORK
2017-05-09 17:30:26.009+0000 INFO  [o.n.k.i.DiagnosticsManager] System memory information:
2017-05-09 17:30:26.009+0000 INFO  [o.n.k.i.DiagnosticsManager] Total Physical memory: 7.91 GB
2017-05-09 17:30:26.009+0000 INFO  [o.n.k.i.DiagnosticsManager] Free Physical memory: 1.38 GB
2017-05-09 17:30:26.009+0000 INFO  [o.n.k.i.DiagnosticsManager] Committed virtual memory: 431.26 MB
2017-05-09 17:30:26.009+0000 INFO  [o.n.k.i.DiagnosticsManager] Total swap space: 18.14 GB
2017-05-09 17:30:26.009+0000 INFO  [o.n.k.i.DiagnosticsManager] Free swap space: 6.97 GB
2017-05-09 17:30:26.009+0000 INFO  [o.n.k.i.DiagnosticsManager] JVM memory information:
2017-05-09 17:30:26.009+0000 INFO  [o.n.k.i.DiagnosticsManager] Free  memory: 107.43 MB
2017-05-09 17:30:26.009+0000 INFO  [o.n.k.i.DiagnosticsManager] Total memory: 175.50 MB
2017-05-09 17:30:26.009+0000 INFO  [o.n.k.i.DiagnosticsManager] Max   memory: 1.76 GB
2017-05-09 17:30:26.010+0000 INFO  [o.n.k.i.DiagnosticsManager] Garbage Collector: PS Scavenge: [PS Eden Space, PS Survivor Space]
2017-05-09 17:30:26.010+0000 INFO  [o.n.k.i.DiagnosticsManager] Garbage Collector: PS MarkSweep: [PS Eden Space, PS Survivor Space, PS Old Gen]
2017-05-09 17:30:26.010+0000 INFO  [o.n.k.i.DiagnosticsManager] Memory Pool: Code Cache (Non-heap memory): committed=8.94 MB, used=8.84 MB, max=240.00 MB, threshold=0.00 B
2017-05-09 17:30:26.010+0000 INFO  [o.n.k.i.DiagnosticsManager] Memory Pool: Metaspace (Non-heap memory): committed=32.50 MB, used=31.59 MB, max=-1.00 B, threshold=0.00 B
2017-05-09 17:30:26.010+0000 INFO  [o.n.k.i.DiagnosticsManager] Memory Pool: Compressed Class Space (Non-heap memory): committed=4.50 MB, used=4.30 MB, max=1.00 GB, threshold=0.00 B
2017-05-09 17:30:26.010+0000 INFO  [o.n.k.i.DiagnosticsManager] Memory Pool: PS Eden Space (Heap memory): committed=65.00 MB, used=8.59 MB, max=634.00 MB, threshold=?
2017-05-09 17:30:26.011+0000 INFO  [o.n.k.i.DiagnosticsManager] Memory Pool: PS Survivor Space (Heap memory): committed=5.00 MB, used=4.98 MB, max=5.00 MB, threshold=?
2017-05-09 17:30:26.011+0000 INFO  [o.n.k.i.DiagnosticsManager] Memory Pool: PS Old Gen (Heap memory): committed=105.50 MB, used=54.50 MB, max=1.32 GB, threshold=0.00 B
2017-05-09 17:30:26.011+0000 INFO  [o.n.k.i.DiagnosticsManager] Operating system information:
2017-05-09 17:30:26.011+0000 INFO  [o.n.k.i.DiagnosticsManager] Operating System: Windows 7; version: 6.1; arch: amd64; cpus: 4
2017-05-09 17:30:26.012+0000 INFO  [o.n.k.i.DiagnosticsManager] Process id: 1964@LT-RobFarrell
2017-05-09 17:30:26.012+0000 INFO  [o.n.k.i.DiagnosticsManager] Byte order: LITTLE_ENDIAN
2017-05-09 17:30:26.012+0000 INFO  [o.n.k.i.DiagnosticsManager] Local timezone: Europe/London
2017-05-09 17:30:26.012+0000 INFO  [o.n.k.i.DiagnosticsManager] JVM information:
2017-05-09 17:30:26.012+0000 INFO  [o.n.k.i.DiagnosticsManager] VM Name: Java HotSpot(TM) 64-Bit Server VM
2017-05-09 17:30:26.012+0000 INFO  [o.n.k.i.DiagnosticsManager] VM Vendor: Oracle Corporation
2017-05-09 17:30:26.012+0000 INFO  [o.n.k.i.DiagnosticsManager] VM Version: 25.60-b23
2017-05-09 17:30:26.012+0000 INFO  [o.n.k.i.DiagnosticsManager] JIT compiler: HotSpot 64-Bit Tiered Compilers
2017-05-09 17:30:26.012+0000 INFO  [o.n.k.i.DiagnosticsManager] VM Arguments: [-Dexe4j.semaphoreName=Local\c:_program_files_neo4j_ce_3.1.4_bin_neo4j-ce.exe, -Dexe4j.isInstall4j=true, -Dexe4j.moduleName=C:\Program Files\Neo4j CE 3.1.4\bin\neo4j-ce.exe, -Dexe4j.tempDir=, -Dexe4j.unextractedPosition=0, -Djava.library.path=C:\Users\ROBERT~1.FAR\AppData\Local\Temp\e4j92D7.tmp_dir1494350911\user;C:\Program Files (x86)\Google\Chrome\Application;C:\Python27;C:\Python27\scripts;C:\Program Files (x86)\Google\Google Apps Migration\;C:\Program Files\Git\cmd;C:\Users\robert.farrell\AppData\Local\Continuum\Anaconda2;C:\Users\robert.farrell\AppData\Local\Continuum\Anaconda2\Scripts;C:\Users\robert.farrell\AppData\Local\Continuum\Anaconda2\Library\bin;c:\users\robert~1.far\appdata\local\temp\e4j92d7.tmp_dir1494350911\jre\bin;c:\program files\neo4j ce 3.1.4\jre\bin, -Dexe4j.consoleCodepage=cp0, -Dinstall4j.launcherId=24, -Dinstall4j.swt=false]
2017-05-09 17:30:26.012+0000 INFO  [o.n.k.i.DiagnosticsManager] Java classpath:
2017-05-09 17:30:26.016+0000 INFO  [o.n.k.i.DiagnosticsManager]  [bootstrap] C:\Program Files\Neo4j CE 3.1.4\jre\lib\charsets.jar
2017-05-09 17:30:26.016+0000 INFO  [o.n.k.i.DiagnosticsManager]  [classpath] C:\Program Files\Neo4j CE 3.1.4\.install4j\i4jruntime.jar
2017-05-09 17:30:26.016+0000 INFO  [o.n.k.i.DiagnosticsManager]  [classpath] C:\Program Files\Neo4j CE 3.1.4\bin\neo4j-desktop-3.1.4.jar
2017-05-09 17:30:26.016+0000 INFO  [o.n.k.i.DiagnosticsManager]  [loader.1] file:/C:/Program%20Files/Neo4j%20CE%203.1.4/jre/lib/ext/access-bridge-64.jar
2017-05-09 17:30:26.016+0000 INFO  [o.n.k.i.DiagnosticsManager]  [loader.0] file:/C:/Program%20Files/Neo4j%20CE%203.1.4/.install4j/i4jruntime.jar
2017-05-09 17:30:26.016+0000 INFO  [o.n.k.i.DiagnosticsManager]  [bootstrap] C:\Program Files\Neo4j CE 3.1.4\jre\lib\rt.jar
2017-05-09 17:30:26.016+0000 INFO  [o.n.k.i.DiagnosticsManager]  [loader.1] file:/C:/Program%20Files/Neo4j%20CE%203.1.4/jre/lib/ext/sunec.jar
2017-05-09 17:30:26.016+0000 INFO  [o.n.k.i.DiagnosticsManager]  [loader.1] file:/C:/Program%20Files/Neo4j%20CE%203.1.4/jre/lib/ext/dnsns.jar
2017-05-09 17:30:26.016+0000 INFO  [o.n.k.i.DiagnosticsManager]  [bootstrap] C:\Program Files\Neo4j CE 3.1.4\jre\classes
2017-05-09 17:30:26.016+0000 INFO  [o.n.k.i.DiagnosticsManager]  [loader.1] file:/C:/Program%20Files/Neo4j%20CE%203.1.4/jre/lib/ext/jfxrt.jar
2017-05-09 17:30:26.016+0000 INFO  [o.n.k.i.DiagnosticsManager]  [loader.1] file:/C:/Program%20Files/Neo4j%20CE%203.1.4/jre/lib/ext/nashorn.jar
2017-05-09 17:30:26.016+0000 INFO  [o.n.k.i.DiagnosticsManager]  [loader.1] file:/C:/Program%20Files/Neo4j%20CE%203.1.4/jre/lib/ext/zipfs.jar
2017-05-09 17:30:26.016+0000 INFO  [o.n.k.i.DiagnosticsManager]  [loader.1] file:/C:/Program%20Files/Neo4j%20CE%203.1.4/jre/lib/ext/cldrdata.jar
2017-05-09 17:30:26.016+0000 INFO  [o.n.k.i.DiagnosticsManager]  [bootstrap] C:\Program Files\Neo4j CE 3.1.4\jre\lib\sunrsasign.jar
2017-05-09 17:30:26.017+0000 INFO  [o.n.k.i.DiagnosticsManager]  [bootstrap] C:\Program Files\Neo4j CE 3.1.4\jre\lib\jsse.jar
2017-05-09 17:30:26.017+0000 INFO  [o.n.k.i.DiagnosticsManager]  [loader.1] file:/C:/Program%20Files/Neo4j%20CE%203.1.4/jre/lib/ext/sunpkcs11.jar
2017-05-09 17:30:26.017+0000 INFO  [o.n.k.i.DiagnosticsManager]  [loader.1] file:/C:/Program%20Files/Neo4j%20CE%203.1.4/jre/lib/ext/localedata.jar
2017-05-09 17:30:26.017+0000 INFO  [o.n.k.i.DiagnosticsManager]  [bootstrap] C:\Program Files\Neo4j CE 3.1.4\jre\lib\jce.jar
2017-05-09 17:30:26.017+0000 INFO  [o.n.k.i.DiagnosticsManager]  [loader.1] file:/C:/Program%20Files/Neo4j%20CE%203.1.4/jre/lib/ext/jaccess.jar
2017-05-09 17:30:26.017+0000 INFO  [o.n.k.i.DiagnosticsManager]  [loader.1] file:/C:/Program%20Files/Neo4j%20CE%203.1.4/jre/lib/ext/sunjce_provider.jar
2017-05-09 17:30:26.017+0000 INFO  [o.n.k.i.DiagnosticsManager]  [bootstrap] C:\Program Files\Neo4j CE 3.1.4\jre\lib\jfr.jar
2017-05-09 17:30:26.017+0000 INFO  [o.n.k.i.DiagnosticsManager]  [loader.1] file:/C:/Program%20Files/Neo4j%20CE%203.1.4/jre/lib/ext/sunmscapi.jar
2017-05-09 17:30:26.017+0000 INFO  [o.n.k.i.DiagnosticsManager]  [loader.0] file:/C:/Program%20Files/Neo4j%20CE%203.1.4/bin/neo4j-desktop-3.1.4.jar
2017-05-09 17:30:26.017+0000 INFO  [o.n.k.i.DiagnosticsManager]  [bootstrap] C:\Program Files\Neo4j CE 3.1.4\jre\lib\resources.jar
2017-05-09 17:30:26.017+0000 INFO  [o.n.k.i.DiagnosticsManager] Library path:
2017-05-09 17:30:26.017+0000 INFO  [o.n.k.i.DiagnosticsManager] C:\Users\robert.farrell\AppData\Local\Temp\e4j92D7.tmp_dir1494350911\user
2017-05-09 17:30:26.018+0000 INFO  [o.n.k.i.DiagnosticsManager] C:\Program Files (x86)\Google\Chrome\Application
2017-05-09 17:30:26.018+0000 INFO  [o.n.k.i.DiagnosticsManager] C:\Python27
2017-05-09 17:30:26.018+0000 INFO  [o.n.k.i.DiagnosticsManager] C:\Python27\Scripts
2017-05-09 17:30:26.018+0000 INFO  [o.n.k.i.DiagnosticsManager] C:\Program Files (x86)\Google\Google Apps Migration
2017-05-09 17:30:26.019+0000 INFO  [o.n.k.i.DiagnosticsManager] C:\Program Files\Git\cmd
2017-05-09 17:30:26.019+0000 INFO  [o.n.k.i.DiagnosticsManager] C:\Users\robert.farrell\AppData\Local\Continuum\Anaconda2
2017-05-09 17:30:26.019+0000 INFO  [o.n.k.i.DiagnosticsManager] C:\Users\robert.farrell\AppData\Local\Continuum\Anaconda2\Scripts
2017-05-09 17:30:26.020+0000 INFO  [o.n.k.i.DiagnosticsManager] C:\Users\robert.farrell\AppData\Local\Continuum\Anaconda2\Library\bin
2017-05-09 17:30:26.020+0000 INFO  [o.n.k.i.DiagnosticsManager] C:\Users\robert.farrell\AppData\Local\Temp\e4j92d7.tmp_dir1494350911\jre\bin
2017-05-09 17:30:26.020+0000 INFO  [o.n.k.i.DiagnosticsManager] C:\Program Files\Neo4j CE 3.1.4\jre\bin
2017-05-09 17:30:26.021+0000 INFO  [o.n.k.i.DiagnosticsManager] System.properties:
2017-05-09 17:30:26.021+0000 INFO  [o.n.k.i.DiagnosticsManager] exe4j.moduleName = C:\Program Files\Neo4j CE 3.1.4\bin\neo4j-ce.exe
2017-05-09 17:30:26.021+0000 INFO  [o.n.k.i.DiagnosticsManager] exe4j.semaphoreName = Local\c:_program_files_neo4j_ce_3.1.4_bin_neo4j-ce.exe
2017-05-09 17:30:26.021+0000 INFO  [o.n.k.i.DiagnosticsManager] sun.boot.library.path = c:\program files\neo4j ce 3.1.4\jre\bin
2017-05-09 17:30:26.021+0000 INFO  [o.n.k.i.DiagnosticsManager] exe4j.consoleCodepage = cp0
2017-05-09 17:30:26.021+0000 INFO  [o.n.k.i.DiagnosticsManager] path.separator = ;
2017-05-09 17:30:26.021+0000 INFO  [o.n.k.i.DiagnosticsManager] file.encoding.pkg = sun.io
2017-05-09 17:30:26.021+0000 INFO  [o.n.k.i.DiagnosticsManager] user.country = IE
2017-05-09 17:30:26.021+0000 INFO  [o.n.k.i.DiagnosticsManager] user.script = 
2017-05-09 17:30:26.021+0000 INFO  [o.n.k.i.DiagnosticsManager] sun.os.patch.level = Service Pack 1
2017-05-09 17:30:26.021+0000 INFO  [o.n.k.i.DiagnosticsManager] install4j.exeDir = C:\Program Files\Neo4j CE 3.1.4\bin\
2017-05-09 17:30:26.021+0000 INFO  [o.n.k.i.DiagnosticsManager] user.dir = C:\Program Files\Neo4j CE 3.1.4\bin
2017-05-09 17:30:26.021+0000 INFO  [o.n.k.i.DiagnosticsManager] user.variant = 
2017-05-09 17:30:26.021+0000 INFO  [o.n.k.i.DiagnosticsManager] exe4j.tempDir = 
2017-05-09 17:30:26.021+0000 INFO  [o.n.k.i.DiagnosticsManager] sun.jnu.encoding = Cp1252
2017-05-09 17:30:26.021+0000 INFO  [o.n.k.i.DiagnosticsManager] unsupported.dbms.udc.source = desktop
2017-05-09 17:30:26.021+0000 INFO  [o.n.k.i.DiagnosticsManager] sun.awt.enableExtraMouseButtons = true
2017-05-09 17:30:26.021+0000 INFO  [o.n.k.i.DiagnosticsManager] install4j.launcherId = 24
2017-05-09 17:30:26.021+0000 INFO  [o.n.k.i.DiagnosticsManager] sun.management.compiler = HotSpot 64-Bit Tiered Compilers
2017-05-09 17:30:26.021+0000 INFO  [o.n.k.i.DiagnosticsManager] exe4j.isInstall4j = true
2017-05-09 17:30:26.021+0000 INFO  [o.n.k.i.DiagnosticsManager] install4j.swt = false
2017-05-09 17:30:26.021+0000 INFO  [o.n.k.i.DiagnosticsManager] user.home = C:\Users\robert.farrell
2017-05-09 17:30:26.021+0000 INFO  [o.n.k.i.DiagnosticsManager] user.timezone = Europe/London
2017-05-09 17:30:26.021+0000 INFO  [o.n.k.i.DiagnosticsManager] file.encoding = Cp1252
2017-05-09 17:30:26.021+0000 INFO  [o.n.k.i.DiagnosticsManager] user.name = robert.farrell
2017-05-09 17:30:26.021+0000 INFO  [o.n.k.i.DiagnosticsManager] sun.java.command = C:\Program Files\Neo4j CE 3.1.4\bin\neo4j-ce.exe
2017-05-09 17:30:26.021+0000 INFO  [o.n.k.i.DiagnosticsManager] sun.arch.data.model = 64
2017-05-09 17:30:26.021+0000 INFO  [o.n.k.i.DiagnosticsManager] exe4j.launchName = C:\PROGRA~1\NEO4JC~1.4\bin\neo4j-ce.exe
2017-05-09 17:30:26.021+0000 INFO  [o.n.k.i.DiagnosticsManager] user.language = en
2017-05-09 17:30:26.021+0000 INFO  [o.n.k.i.DiagnosticsManager] awt.toolkit = sun.awt.windows.WToolkit
2017-05-09 17:30:26.021+0000 INFO  [o.n.k.i.DiagnosticsManager] exe4j.unextractedPosition = 0
2017-05-09 17:30:26.021+0000 INFO  [o.n.k.i.DiagnosticsManager] install4j.appDir = C:\Program Files\Neo4j CE 3.1.4\
2017-05-09 17:30:26.021+0000 INFO  [o.n.k.i.DiagnosticsManager] file.separator = \
2017-05-09 17:30:26.021+0000 INFO  [o.n.k.i.DiagnosticsManager] sun.io.unicode.encoding = UnicodeLittle
2017-05-09 17:30:26.021+0000 INFO  [o.n.k.i.DiagnosticsManager] sun.cpu.endian = little
2017-05-09 17:30:26.021+0000 INFO  [o.n.k.i.DiagnosticsManager] sun.desktop = windows
2017-05-09 17:30:26.021+0000 INFO  [o.n.k.i.DiagnosticsManager] sun.cpu.isalist = amd64
2017-05-09 17:30:26.021+0000 INFO  [o.n.k.i.DiagnosticsManager] Network information:
2017-05-09 17:30:26.109+0000 INFO  [o.n.k.i.DiagnosticsManager] Interface Software Loopback Interface 1:
2017-05-09 17:30:26.109+0000 INFO  [o.n.k.i.DiagnosticsManager]     address: 127.0.0.1
2017-05-09 17:30:26.109+0000 INFO  [o.n.k.i.DiagnosticsManager]     address: 0:0:0:0:0:0:0:1
2017-05-09 17:30:26.109+0000 INFO  [o.n.k.i.DiagnosticsManager] Interface WAN Miniport (SSTP):
2017-05-09 17:30:26.109+0000 INFO  [o.n.k.i.DiagnosticsManager] Interface WAN Miniport (L2TP):
2017-05-09 17:30:26.109+0000 INFO  [o.n.k.i.DiagnosticsManager] Interface WAN Miniport (PPTP):
2017-05-09 17:30:26.109+0000 INFO  [o.n.k.i.DiagnosticsManager] Interface WAN Miniport (PPPOE):
2017-05-09 17:30:26.109+0000 INFO  [o.n.k.i.DiagnosticsManager] Interface WAN Miniport (IPv6):
2017-05-09 17:30:26.109+0000 INFO  [o.n.k.i.DiagnosticsManager] Interface WAN Miniport (Network Monitor):
2017-05-09 17:30:26.109+0000 INFO  [o.n.k.i.DiagnosticsManager] Interface WAN Miniport (IP):
2017-05-09 17:30:26.109+0000 INFO  [o.n.k.i.DiagnosticsManager] Interface RAS Async Adapter:
2017-05-09 17:30:26.109+0000 INFO  [o.n.k.i.DiagnosticsManager] Interface WAN Miniport (IKEv2):
2017-05-09 17:30:26.109+0000 INFO  [o.n.k.i.DiagnosticsManager] Interface Dell Wireless 1705 802.11b/g/n (2.4GHZ):
2017-05-09 17:30:26.109+0000 INFO  [o.n.k.i.DiagnosticsManager]     address: 10.69.161.28
2017-05-09 17:30:26.109+0000 INFO  [o.n.k.i.DiagnosticsManager]     address: fe80:0:0:0:6d75:7a:b5b4:7cc%wlan0
2017-05-09 17:30:26.109+0000 INFO  [o.n.k.i.DiagnosticsManager] Interface Realtek PCIe GBE Family Controller:
2017-05-09 17:30:26.109+0000 INFO  [o.n.k.i.DiagnosticsManager]     address: fe80:0:0:0:59aa:fa40:b82:4009%eth3
2017-05-09 17:30:26.110+0000 INFO  [o.n.k.i.DiagnosticsManager] Interface Microsoft 6to4 Adapter:
2017-05-09 17:30:26.110+0000 INFO  [o.n.k.i.DiagnosticsManager] Interface Bluetooth Device (RFCOMM Protocol TDI):
2017-05-09 17:30:26.110+0000 INFO  [o.n.k.i.DiagnosticsManager] Interface Bluetooth Device (Personal Area Network):
2017-05-09 17:30:26.110+0000 INFO  [o.n.k.i.DiagnosticsManager]     address: fe80:0:0:0:e130:e466:9b0b:ac6c%eth4
2017-05-09 17:30:26.110+0000 INFO  [o.n.k.i.DiagnosticsManager] Interface Microsoft Virtual WiFi Miniport Adapter:
2017-05-09 17:30:26.110+0000 INFO  [o.n.k.i.DiagnosticsManager]     address: fe80:0:0:0:ec5c:40a6:522e:f57b%wlan1
2017-05-09 17:30:26.110+0000 INFO  [o.n.k.i.DiagnosticsManager] Interface Cisco AnyConnect Secure Mobility Client Virtual Miniport Adapter for Windows x64:
2017-05-09 17:30:26.110+0000 INFO  [o.n.k.i.DiagnosticsManager] Interface Teredo Tunneling Pseudo-Interface:
2017-05-09 17:30:26.110+0000 INFO  [o.n.k.i.DiagnosticsManager]     address: 2001:0:9d38:90d7:2c1d:2e97:f5ba:5ee3
2017-05-09 17:30:26.110+0000 INFO  [o.n.k.i.DiagnosticsManager]     address: fe80:0:0:0:2c1d:2e97:f5ba:5ee3%net6
2017-05-09 17:30:26.110+0000 INFO  [o.n.k.i.DiagnosticsManager] Interface Microsoft ISATAP Adapter #5:
2017-05-09 17:30:26.110+0000 INFO  [o.n.k.i.DiagnosticsManager] Interface Microsoft ISATAP Adapter:
2017-05-09 17:30:26.110+0000 INFO  [o.n.k.i.DiagnosticsManager] Interface Microsoft ISATAP Adapter #2:
2017-05-09 17:30:26.110+0000 INFO  [o.n.k.i.DiagnosticsManager]     address: fe80:0:0:0:0:5efe:a45:a11c%net9
2017-05-09 17:30:26.110+0000 INFO  [o.n.k.i.DiagnosticsManager] Interface Microsoft ISATAP Adapter #3:
2017-05-09 17:30:26.110+0000 INFO  [o.n.k.i.DiagnosticsManager] Interface Microsoft ISATAP Adapter #4:
2017-05-09 17:30:26.110+0000 INFO  [o.n.k.i.DiagnosticsManager] Interface Dell Wireless 1705 802.11b/g/n (2.4GHZ)-Virtual WiFi Filter Driver-0000:
2017-05-09 17:30:26.110+0000 INFO  [o.n.k.i.DiagnosticsManager] Interface Dell Wireless 1705 802.11b/g/n (2.4GHZ)-QoS Packet Scheduler-0000:
2017-05-09 17:30:26.110+0000 INFO  [o.n.k.i.DiagnosticsManager] Interface Realtek PCIe GBE Family Controller-QoS Packet Scheduler-0000:
2017-05-09 17:30:26.110+0000 INFO  [o.n.k.i.DiagnosticsManager] Interface Realtek PCIe GBE Family Controller-WFP LightWeight Filter-0000:
2017-05-09 17:30:26.110+0000 INFO  [o.n.k.i.DiagnosticsManager] Interface WAN Miniport (Network Monitor)-QoS Packet Scheduler-0000:
2017-05-09 17:30:26.110+0000 INFO  [o.n.k.i.DiagnosticsManager] Interface WAN Miniport (IP)-QoS Packet Scheduler-0000:
2017-05-09 17:30:26.110+0000 INFO  [o.n.k.i.DiagnosticsManager] Interface WAN Miniport (IPv6)-QoS Packet Scheduler-0000:
2017-05-09 17:30:26.110+0000 INFO  [o.n.k.i.DiagnosticsManager] Interface Dell Wireless 1705 802.11b/g/n (2.4GHZ)-Native WiFi Filter Driver-0000:
2017-05-09 17:30:26.110+0000 INFO  [o.n.k.i.DiagnosticsManager] Interface Dell Wireless 1705 802.11b/g/n (2.4GHZ)-WFP LightWeight Filter-0000:
2017-05-09 17:30:26.110+0000 INFO  [o.n.k.i.DiagnosticsManager] Interface Microsoft Virtual WiFi Miniport Adapter-Native WiFi Filter Driver-0000:
2017-05-09 17:30:26.110+0000 INFO  [o.n.k.i.DiagnosticsManager] Interface Microsoft Virtual WiFi Miniport Adapter-QoS Packet Scheduler-0000:
2017-05-09 17:30:26.110+0000 INFO  [o.n.k.i.DiagnosticsManager] Interface Microsoft Virtual WiFi Miniport Adapter-WFP LightWeight Filter-0000:
2017-05-09 17:30:26.110+0000 INFO  [o.n.k.i.DiagnosticsManager] --- INITIALIZED diagnostics END ---
2017-05-09 17:30:26.117+0000 INFO  [o.n.b.v.r.WorkerFactory] Bolt Server extension loaded.
2017-05-09 17:30:26.117+0000 INFO  [o.n.b.v.r.WorkerFactory] Bolt enabled on localhost:7687.
2017-05-09 17:30:26.128+0000 INFO  [o.n.k.i.s.f.RecordFormatSelector] Selected format 'RecordFormat:StandardV3_0[v0.A.7]' for the new store
2017-05-09 17:30:26.541+0000 INFO  [o.n.k.i.a.i.IndexingService] IndexingService.init: indexes not specifically mentioned above are null
2017-05-09 17:30:26.541+0000 INFO  [o.n.k.a.i.l.LuceneLabelScanStore] No lucene scan store index found, this might just be first use. Preparing to rebuild.
2017-05-09 17:30:26.588+0000 INFO  [o.n.k.NeoStoreDataSource] Opened logical log [C:\Users\robert.farrell\Desktop\neo4j\neostore.transaction.db.0] version=0, lastTxId=1 (clean)
2017-05-09 17:30:26.594+0000 INFO  [o.n.k.NeoStoreDataSource] No commits found after last check point (which is at <no log position given>)
2017-05-09 17:30:26.600+0000 WARN  [o.n.k.i.s.MetaDataStore] Missing counts store, rebuilding it.
2017-05-09 17:30:26.696+0000 INFO  [o.n.k.i.a.i.IndexingService] IndexingService.start: indexes not specifically mentioned above are null
2017-05-09 17:30:26.697+0000 INFO  [o.n.k.a.i.l.LuceneLabelScanStore] Rebuilding lucene scan store, this may take a while
2017-05-09 17:30:26.710+0000 INFO  [o.n.k.a.i.l.LuceneLabelScanStore] Lucene scan store rebuilt (roughly 0 nodes)
2017-05-09 17:30:26.714+0000 INFO  [o.n.k.i.DatabaseHealth] Database health set to OK
2017-05-09 17:30:27.749+0000 INFO  [o.n.k.AvailabilityGuard] Fulfilling of requirement makes database available: Database available
2017-05-09 17:30:27.750+0000 INFO  [o.n.k.i.f.GraphDatabaseFacadeFactory] Database is now ready
2017-05-09 17:30:27.752+0000 INFO  [o.n.k.i.DiagnosticsManager] --- STARTED diagnostics for KernelDiagnostics:Versions START ---
2017-05-09 17:30:27.752+0000 INFO  [o.n.k.i.DiagnosticsManager] Graph Database: community single StoreId{creationTime=1494351026522, randomId=3820264615533178505, storeVersion=15531981201765894, upgradeTime=1494351026522, upgradeId=1}
2017-05-09 17:30:27.752+0000 INFO  [o.n.k.i.DiagnosticsManager] Kernel version: 3.1.4
2017-05-09 17:30:27.753+0000 INFO  [o.n.k.i.DiagnosticsManager] --- STARTED diagnostics for KernelDiagnostics:Versions END ---
2017-05-09 17:30:27.755+0000 INFO  [o.n.k.i.DiagnosticsManager] --- STARTED diagnostics for NEO_STORE_VERSIONS START ---
2017-05-09 17:30:27.756+0000 INFO  [o.n.k.i.DiagnosticsManager] Store versions:
2017-05-09 17:30:27.756+0000 INFO  [o.n.k.i.DiagnosticsManager] Store versions:
2017-05-09 17:30:27.757+0000 INFO  [o.n.k.i.DiagnosticsManager]   ArrayPropertyStore v0.A.7
2017-05-09 17:30:27.757+0000 INFO  [o.n.k.i.DiagnosticsManager]   NodeStore v0.A.7
2017-05-09 17:30:27.757+0000 INFO  [o.n.k.i.DiagnosticsManager]   StringPropertyStore v0.A.7
2017-05-09 17:30:27.757+0000 INFO  [o.n.k.i.DiagnosticsManager]   PropertyIndexStore v0.A.7
2017-05-09 17:30:27.757+0000 INFO  [o.n.k.i.DiagnosticsManager]   StringPropertyStore v0.A.7
2017-05-09 17:30:27.758+0000 INFO  [o.n.k.i.DiagnosticsManager]   ArrayPropertyStore v0.A.7
2017-05-09 17:30:27.758+0000 INFO  [o.n.k.i.DiagnosticsManager]   PropertyStore v0.A.7
2017-05-09 17:30:27.758+0000 INFO  [o.n.k.i.DiagnosticsManager]   RelationshipStore v0.A.7
2017-05-09 17:30:27.758+0000 INFO  [o.n.k.i.DiagnosticsManager]   StringPropertyStore v0.A.7
2017-05-09 17:30:27.758+0000 INFO  [o.n.k.i.DiagnosticsManager]   RelationshipTypeStore v0.A.7
2017-05-09 17:30:27.758+0000 INFO  [o.n.k.i.DiagnosticsManager]   StringPropertyStore v0.A.7
2017-05-09 17:30:27.759+0000 INFO  [o.n.k.i.DiagnosticsManager]   LabelTokenStore v0.A.7
2017-05-09 17:30:27.759+0000 INFO  [o.n.k.i.DiagnosticsManager]   SchemaStore v0.A.7
2017-05-09 17:30:27.759+0000 INFO  [o.n.k.i.DiagnosticsManager]   RelationshipGroupStore v0.A.7
2017-05-09 17:30:27.759+0000 INFO  [o.n.k.i.DiagnosticsManager]   NeoStore v0.A.7
2017-05-09 17:30:27.759+0000 INFO  [o.n.k.i.DiagnosticsManager] --- STARTED diagnostics for NEO_STORE_VERSIONS END ---
2017-05-09 17:30:27.759+0000 INFO  [o.n.k.i.DiagnosticsManager] --- STARTED diagnostics for NEO_STORE_ID_USAGE START ---
2017-05-09 17:30:27.760+0000 INFO  [o.n.k.i.DiagnosticsManager] Id usage:
2017-05-09 17:30:27.760+0000 INFO  [o.n.k.i.DiagnosticsManager] Id usage:
2017-05-09 17:30:27.760+0000 INFO  [o.n.k.i.DiagnosticsManager]   ArrayPropertyStore: used=1 high=0
2017-05-09 17:30:27.760+0000 INFO  [o.n.k.i.DiagnosticsManager]   NodeStore: used=0 high=-1
2017-05-09 17:30:27.761+0000 INFO  [o.n.k.i.DiagnosticsManager]   StringPropertyStore: used=1 high=0
2017-05-09 17:30:27.761+0000 INFO  [o.n.k.i.DiagnosticsManager]   PropertyIndexStore: used=0 high=-1
2017-05-09 17:30:27.761+0000 INFO  [o.n.k.i.DiagnosticsManager]   StringPropertyStore: used=1 high=0
2017-05-09 17:30:27.762+0000 INFO  [o.n.k.i.DiagnosticsManager]   ArrayPropertyStore: used=1 high=0
2017-05-09 17:30:27.762+0000 INFO  [o.n.k.i.DiagnosticsManager]   PropertyStore: used=0 high=-1
2017-05-09 17:30:27.762+0000 INFO  [o.n.k.i.DiagnosticsManager]   RelationshipStore: used=0 high=-1
2017-05-09 17:30:27.762+0000 INFO  [o.n.k.i.DiagnosticsManager]   StringPropertyStore: used=1 high=0
2017-05-09 17:30:27.763+0000 INFO  [o.n.k.i.DiagnosticsManager]   RelationshipTypeStore: used=0 high=-1
2017-05-09 17:30:27.763+0000 INFO  [o.n.k.i.DiagnosticsManager]   StringPropertyStore: used=1 high=0
2017-05-09 17:30:27.763+0000 INFO  [o.n.k.i.DiagnosticsManager]   LabelTokenStore: used=0 high=-1
2017-05-09 17:30:27.763+0000 INFO  [o.n.k.i.DiagnosticsManager]   SchemaStore: used=1 high=0
2017-05-09 17:30:27.763+0000 INFO  [o.n.k.i.DiagnosticsManager]   RelationshipGroupStore: used=1 high=0
2017-05-09 17:30:27.764+0000 INFO  [o.n.k.i.DiagnosticsManager]   NeoStore: used=15 high=14
2017-05-09 17:30:27.764+0000 INFO  [o.n.k.i.DiagnosticsManager] --- STARTED diagnostics for NEO_STORE_ID_USAGE END ---
2017-05-09 17:30:27.764+0000 INFO  [o.n.k.i.DiagnosticsManager] --- STARTED diagnostics for NEO_STORE_RECORDS START ---
2017-05-09 17:30:27.764+0000 INFO  [o.n.k.i.DiagnosticsManager] Neostore records:
2017-05-09 17:30:27.766+0000 INFO  [o.n.k.i.DiagnosticsManager] TIME (Creation time): 1494351026522
2017-05-09 17:30:27.766+0000 INFO  [o.n.k.i.DiagnosticsManager] RANDOM_NUMBER (Random number for store id): 3820264615533178505
2017-05-09 17:30:27.766+0000 INFO  [o.n.k.i.DiagnosticsManager] LOG_VERSION (Current log version): 0
2017-05-09 17:30:27.767+0000 INFO  [o.n.k.i.DiagnosticsManager] LAST_TRANSACTION_ID (Last committed transaction): 1
2017-05-09 17:30:27.767+0000 INFO  [o.n.k.i.DiagnosticsManager] STORE_VERSION (Store format version): 15531981201765894
2017-05-09 17:30:27.767+0000 INFO  [o.n.k.i.DiagnosticsManager] FIRST_GRAPH_PROPERTY (First property record containing graph properties): -1
2017-05-09 17:30:27.767+0000 INFO  [o.n.k.i.DiagnosticsManager] LAST_CONSTRAINT_TRANSACTION (Last committed transaction containing constraint changes): 0
2017-05-09 17:30:27.767+0000 INFO  [o.n.k.i.DiagnosticsManager] UPGRADE_TRANSACTION_ID (Transaction id most recent upgrade was performed at): 1
2017-05-09 17:30:27.768+0000 INFO  [o.n.k.i.DiagnosticsManager] UPGRADE_TIME (Time of last upgrade): 1494351026522
2017-05-09 17:30:27.768+0000 INFO  [o.n.k.i.DiagnosticsManager] LAST_TRANSACTION_CHECKSUM (Checksum of last committed transaction): 0
2017-05-09 17:30:27.768+0000 INFO  [o.n.k.i.DiagnosticsManager] UPGRADE_TRANSACTION_CHECKSUM (Checksum of transaction id the most recent upgrade was performed at): 0
2017-05-09 17:30:27.768+0000 INFO  [o.n.k.i.DiagnosticsManager] LAST_CLOSED_TRANSACTION_LOG_VERSION (Log version where the last transaction commit entry has been written into): 0
2017-05-09 17:30:27.768+0000 INFO  [o.n.k.i.DiagnosticsManager] LAST_CLOSED_TRANSACTION_LOG_BYTE_OFFSET (Byte offset in the log file where the last transaction commit entry has been written into): 16
2017-05-09 17:30:27.769+0000 INFO  [o.n.k.i.DiagnosticsManager] LAST_TRANSACTION_COMMIT_TIMESTAMP (Commit time timestamp for last committed transaction): 0
2017-05-09 17:30:27.769+0000 INFO  [o.n.k.i.DiagnosticsManager] UPGRADE_TRANSACTION_COMMIT_TIMESTAMP (Commit timestamp of transaction the most recent upgrade was performed at): 0
2017-05-09 17:30:27.769+0000 INFO  [o.n.k.i.DiagnosticsManager] --- STARTED diagnostics for NEO_STORE_RECORDS END ---
2017-05-09 17:30:27.771+0000 INFO  [o.n.k.i.DiagnosticsManager] --- STARTED diagnostics for TRANSACTION_RANGE START ---
2017-05-09 17:30:27.771+0000 INFO  [o.n.k.i.DiagnosticsManager] Transaction log:
2017-05-09 17:30:27.772+0000 INFO  [o.n.k.i.DiagnosticsManager] No transactions found in any log
2017-05-09 17:30:27.773+0000 INFO  [o.n.k.i.DiagnosticsManager] --- STARTED diagnostics for TRANSACTION_RANGE END ---
2017-05-09 17:30:27.773+0000 INFO  [o.n.k.i.DiagnosticsManager] --- STARTED diagnostics for KernelDiagnostics:StoreFiles START ---
2017-05-09 17:30:27.775+0000 INFO  [o.n.k.i.DiagnosticsManager] Disk space on partition (Total / Free / Free %): 485789528064 / 308226850816 / 63
Storage files: (filename : modification date - size)
2017-05-09 17:30:27.778+0000 INFO  [o.n.k.i.DiagnosticsManager]   certificates:
2017-05-09 17:30:27.779+0000 INFO  [o.n.k.i.DiagnosticsManager]     neo4j.cert: 2017-05-09T18:30:25+0100 - 1002.00 B
2017-05-09 17:30:27.779+0000 INFO  [o.n.k.i.DiagnosticsManager]     neo4j.key: 2017-05-09T18:30:25+0100 - 1.69 kB
2017-05-09 17:30:27.780+0000 INFO  [o.n.k.i.DiagnosticsManager]   - Total: 2017-05-09T18:30:25+0100 - 2.67 kB
2017-05-09 17:30:27.780+0000 INFO  [o.n.k.i.DiagnosticsManager]   data:
2017-05-09 17:30:27.780+0000 INFO  [o.n.k.i.DiagnosticsManager]     dbms:
2017-05-09 17:30:27.781+0000 INFO  [o.n.k.i.DiagnosticsManager]       auth: 2017-05-09T18:30:27+0100 - 137.00 B
2017-05-09 17:30:27.781+0000 INFO  [o.n.k.i.DiagnosticsManager]     - Total: 2017-05-09T18:30:27+0100 - 137.00 B
2017-05-09 17:30:27.781+0000 INFO  [o.n.k.i.DiagnosticsManager]   - Total: 2017-05-09T18:30:27+0100 - 137.00 B
2017-05-09 17:30:27.781+0000 INFO  [o.n.k.i.DiagnosticsManager]   index:
2017-05-09 17:30:27.782+0000 INFO  [o.n.k.i.DiagnosticsManager]   - Total: 2017-05-09T18:30:26+0100 - 0.00 B
2017-05-09 17:30:27.782+0000 INFO  [o.n.k.i.DiagnosticsManager]   logs:
2017-05-09 17:30:27.783+0000 INFO  [o.n.k.i.DiagnosticsManager]     debug.log: 2017-05-09T18:30:25+0100 - 30.28 kB
2017-05-09 17:30:27.783+0000 INFO  [o.n.k.i.DiagnosticsManager]   - Total: 2017-05-09T18:30:25+0100 - 30.28 kB
2017-05-09 17:30:27.784+0000 INFO  [o.n.k.i.DiagnosticsManager]   neostore: 2017-05-09T18:30:26+0100 - 8.00 kB
2017-05-09 17:30:27.784+0000 INFO  [o.n.k.i.DiagnosticsManager]   neostore.counts.db.a: 2017-05-09T18:30:26+0100 - 96.00 B
2017-05-09 17:30:27.785+0000 INFO  [o.n.k.i.DiagnosticsManager]   neostore.id: 2017-05-09T18:30:26+0100 - 9.00 B
2017-05-09 17:30:27.786+0000 INFO  [o.n.k.i.DiagnosticsManager]   neostore.labeltokenstore.db: 2017-05-09T18:30:26+0100 - 0.00 B
2017-05-09 17:30:27.786+0000 INFO  [o.n.k.i.DiagnosticsManager]   neostore.labeltokenstore.db.id: 2017-05-09T18:30:26+0100 - 9.00 B
2017-05-09 17:30:27.786+0000 INFO  [o.n.k.i.DiagnosticsManager]   neostore.labeltokenstore.db.names: 2017-05-09T18:30:26+0100 - 8.00 kB
2017-05-09 17:30:27.787+0000 INFO  [o.n.k.i.DiagnosticsManager]   neostore.labeltokenstore.db.names.id: 2017-05-09T18:30:26+0100 - 9.00 B
2017-05-09 17:30:27.788+0000 INFO  [o.n.k.i.DiagnosticsManager]   neostore.nodestore.db: 2017-05-09T18:30:26+0100 - 0.00 B
2017-05-09 17:30:27.788+0000 INFO  [o.n.k.i.DiagnosticsManager]   neostore.nodestore.db.id: 2017-05-09T18:30:26+0100 - 9.00 B
2017-05-09 17:30:27.789+0000 INFO  [o.n.k.i.DiagnosticsManager]   neostore.nodestore.db.labels: 2017-05-09T18:30:26+0100 - 8.00 kB
2017-05-09 17:30:27.789+0000 INFO  [o.n.k.i.DiagnosticsManager]   neostore.nodestore.db.labels.id: 2017-05-09T18:30:26+0100 - 9.00 B
2017-05-09 17:30:27.789+0000 INFO  [o.n.k.i.DiagnosticsManager]   neostore.propertystore.db: 2017-05-09T18:30:26+0100 - 0.00 B
2017-05-09 17:30:27.790+0000 INFO  [o.n.k.i.DiagnosticsManager]   neostore.propertystore.db.arrays: 2017-05-09T18:30:26+0100 - 8.00 kB
2017-05-09 17:30:27.791+0000 INFO  [o.n.k.i.DiagnosticsManager]   neostore.propertystore.db.arrays.id: 2017-05-09T18:30:26+0100 - 9.00 B
2017-05-09 17:30:27.791+0000 INFO  [o.n.k.i.DiagnosticsManager]   neostore.propertystore.db.id: 2017-05-09T18:30:26+0100 - 9.00 B
2017-05-09 17:30:27.791+0000 INFO  [o.n.k.i.DiagnosticsManager]   neostore.propertystore.db.index: 2017-05-09T18:30:26+0100 - 0.00 B
2017-05-09 17:30:27.792+0000 INFO  [o.n.k.i.DiagnosticsManager]   neostore.propertystore.db.index.id: 2017-05-09T18:30:26+0100 - 9.00 B
2017-05-09 17:30:27.792+0000 INFO  [o.n.k.i.DiagnosticsManager]   neostore.propertystore.db.index.keys: 2017-05-09T18:30:26+0100 - 8.00 kB
2017-05-09 17:30:27.793+0000 INFO  [o.n.k.i.DiagnosticsManager]   neostore.propertystore.db.index.keys.id: 2017-05-09T18:30:26+0100 - 9.00 B
2017-05-09 17:30:27.793+0000 INFO  [o.n.k.i.DiagnosticsManager]   neostore.propertystore.db.strings: 2017-05-09T18:30:26+0100 - 8.00 kB
2017-05-09 17:30:27.794+0000 INFO  [o.n.k.i.DiagnosticsManager]   neostore.propertystore.db.strings.id: 2017-05-09T18:30:26+0100 - 9.00 B
2017-05-09 17:30:27.794+0000 INFO  [o.n.k.i.DiagnosticsManager]   neostore.relationshipgroupstore.db: 2017-05-09T18:30:26+0100 - 8.00 kB
2017-05-09 17:30:27.795+0000 INFO  [o.n.k.i.DiagnosticsManager]   neostore.relationshipgroupstore.db.id: 2017-05-09T18:30:26+0100 - 9.00 B
2017-05-09 17:30:27.795+0000 INFO  [o.n.k.i.DiagnosticsManager]   neostore.relationshipstore.db: 2017-05-09T18:30:26+0100 - 0.00 B
2017-05-09 17:30:27.795+0000 INFO  [o.n.k.i.DiagnosticsManager]   neostore.relationshipstore.db.id: 2017-05-09T18:30:26+0100 - 9.00 B
2017-05-09 17:30:27.795+0000 INFO  [o.n.k.i.DiagnosticsManager]   neostore.relationshiptypestore.db: 2017-05-09T18:30:26+0100 - 0.00 B
2017-05-09 17:30:27.796+0000 INFO  [o.n.k.i.DiagnosticsManager]   neostore.relationshiptypestore.db.id: 2017-05-09T18:30:26+0100 - 9.00 B
2017-05-09 17:30:27.796+0000 INFO  [o.n.k.i.DiagnosticsManager]   neostore.relationshiptypestore.db.names: 2017-05-09T18:30:26+0100 - 8.00 kB
2017-05-09 17:30:27.796+0000 INFO  [o.n.k.i.DiagnosticsManager]   neostore.relationshiptypestore.db.names.id: 2017-05-09T18:30:26+0100 - 9.00 B
2017-05-09 17:30:27.797+0000 INFO  [o.n.k.i.DiagnosticsManager]   neostore.schemastore.db: 2017-05-09T18:30:26+0100 - 8.00 kB
2017-05-09 17:30:27.797+0000 INFO  [o.n.k.i.DiagnosticsManager]   neostore.schemastore.db.id: 2017-05-09T18:30:26+0100 - 9.00 B
2017-05-09 17:30:27.797+0000 INFO  [o.n.k.i.DiagnosticsManager]   neostore.transaction.db.0: 2017-05-09T18:30:26+0100 - 16.00 B
2017-05-09 17:30:27.797+0000 INFO  [o.n.k.i.DiagnosticsManager]   schema:
2017-05-09 17:30:27.798+0000 INFO  [o.n.k.i.DiagnosticsManager]     label:
2017-05-09 17:30:27.798+0000 INFO  [o.n.k.i.DiagnosticsManager]       lucene:
2017-05-09 17:30:27.799+0000 INFO  [o.n.k.i.DiagnosticsManager]         labelStore:
2017-05-09 17:30:27.799+0000 INFO  [o.n.k.i.DiagnosticsManager]           1:
2017-05-09 17:30:27.800+0000 INFO  [o.n.k.i.DiagnosticsManager]             write.lock: 2017-05-09T18:30:26+0100 - 0.00 B
2017-05-09 17:30:27.800+0000 INFO  [o.n.k.i.DiagnosticsManager]           - Total: 2017-05-09T18:30:26+0100 - 0.00 B
2017-05-09 17:30:27.801+0000 INFO  [o.n.k.i.DiagnosticsManager]           failure-message: 2017-05-09T18:30:26+0100 - 16.00 kB
2017-05-09 17:30:27.801+0000 INFO  [o.n.k.i.DiagnosticsManager]         - Total: 2017-05-09T18:30:26+0100 - 16.00 kB
2017-05-09 17:30:27.801+0000 INFO  [o.n.k.i.DiagnosticsManager]       - Total: 2017-05-09T18:30:26+0100 - 16.00 kB
2017-05-09 17:30:27.802+0000 INFO  [o.n.k.i.DiagnosticsManager]     - Total: 2017-05-09T18:30:26+0100 - 16.00 kB
2017-05-09 17:30:27.802+0000 INFO  [o.n.k.i.DiagnosticsManager]   - Total: 2017-05-09T18:30:26+0100 - 16.00 kB
2017-05-09 17:30:27.802+0000 INFO  [o.n.k.i.DiagnosticsManager]   store_lock: 2017-05-09T18:30:26+0100 - 0.00 B
2017-05-09 17:30:27.803+0000 INFO  [o.n.k.i.DiagnosticsManager] --- STARTED diagnostics for KernelDiagnostics:StoreFiles END ---
2017-05-09 17:30:29.605+0000 INFO  [o.n.k.i.DiagnosticsManager] --- SERVER STARTED START ---
2017-05-09 17:30:30.222+0000 WARN  [o.n.k.i.c.MonitorGc] GC Monitor: Application threads blocked for 332ms.
2017-05-09 17:30:31.461+0000 INFO  [o.n.k.i.DiagnosticsManager] --- SERVER STARTED END ---
